0 info it worked if it ends with ok
1 verbose cli [ 'C:\\Program Files\\nodejs\\node.exe',
1 verbose cli   'C:\\Program Files\\nodejs\\node_modules\\npm\\bin\\npm-cli.js',
1 verbose cli   'install',
1 verbose cli   'n',
1 verbose cli   'stable' ]
2 info using npm@2.14.12
3 info using node@v4.3.2
4 verbose install initial load of C:\lmarzo\training\coursera\html5-css-js\repo\coursera-test\package.json
5 verbose readDependencies loading dependencies from C:\lmarzo\training\coursera\html5-css-js\repo\coursera-test\package.json
6 silly cache add args [ 'n', null ]
7 verbose cache add spec n
8 silly cache add args [ 'stable', null ]
9 verbose cache add spec stable
10 silly cache add parsed spec Result {
10 silly cache add   raw: 'n',
10 silly cache add   scope: null,
10 silly cache add   name: 'n',
10 silly cache add   rawSpec: '',
10 silly cache add   spec: 'latest',
10 silly cache add   type: 'tag' }
11 silly addNamed n@latest
12 verbose addNamed "latest" is being treated as a dist-tag for n
13 info addNameTag [ 'n', 'latest' ]
14 silly mapToRegistry name n
15 silly mapToRegistry using default registry
16 silly mapToRegistry registry https://registry.npmjs.org/
17 silly mapToRegistry uri https://registry.npmjs.org/n
18 verbose addNameTag registry:https://registry.npmjs.org/n not in flight; fetching
19 silly cache add parsed spec Result {
19 silly cache add   raw: 'stable',
19 silly cache add   scope: null,
19 silly cache add   name: 'stable',
19 silly cache add   rawSpec: '',
19 silly cache add   spec: 'latest',
19 silly cache add   type: 'tag' }
20 silly addNamed stable@latest
21 verbose addNamed "latest" is being treated as a dist-tag for stable
22 info addNameTag [ 'stable', 'latest' ]
23 silly mapToRegistry name stable
24 silly mapToRegistry using default registry
25 silly mapToRegistry registry https://registry.npmjs.org/
26 silly mapToRegistry uri https://registry.npmjs.org/stable
27 verbose addNameTag registry:https://registry.npmjs.org/stable not in flight; fetching
28 verbose request uri https://registry.npmjs.org/n
29 verbose request no auth needed
30 info attempt registry request try #1 at 1:17:12 PM
31 verbose request id 60889ee7b72f0171
32 http request GET https://registry.npmjs.org/n
33 verbose request uri https://registry.npmjs.org/stable
34 verbose request no auth needed
35 info attempt registry request try #1 at 1:17:12 PM
36 http request GET https://registry.npmjs.org/stable
37 http 200 https://registry.npmjs.org/n
38 verbose headers { server: 'CouchDB/1.5.0 (Erlang OTP/R16B03)',
38 verbose headers   etag: '"AJNERSN8XCM22PCHC5TUODZY9"',
38 verbose headers   'content-type': 'application/json',
38 verbose headers   'content-encoding': 'gzip',
38 verbose headers   'cache-control': 'max-age=300',
38 verbose headers   'content-length': '11242',
38 verbose headers   'accept-ranges': 'bytes',
38 verbose headers   date: 'Sun, 03 Jul 2016 16:17:12 GMT',
38 verbose headers   via: '1.1 varnish',
38 verbose headers   age: '0',
38 verbose headers   connection: 'keep-alive',
38 verbose headers   'x-served-by': 'cache-iad2635-IAD',
38 verbose headers   'x-cache': 'HIT',
38 verbose headers   'x-cache-hits': '1',
38 verbose headers   'x-timer': 'S1467562632.413512,VS0,VE17',
38 verbose headers   vary: 'Accept-Encoding' }
39 silly get cb [ 200,
39 silly get   { server: 'CouchDB/1.5.0 (Erlang OTP/R16B03)',
39 silly get     etag: '"AJNERSN8XCM22PCHC5TUODZY9"',
39 silly get     'content-type': 'application/json',
39 silly get     'content-encoding': 'gzip',
39 silly get     'cache-control': 'max-age=300',
39 silly get     'content-length': '11242',
39 silly get     'accept-ranges': 'bytes',
39 silly get     date: 'Sun, 03 Jul 2016 16:17:12 GMT',
39 silly get     via: '1.1 varnish',
39 silly get     age: '0',
39 silly get     connection: 'keep-alive',
39 silly get     'x-served-by': 'cache-iad2635-IAD',
39 silly get     'x-cache': 'HIT',
39 silly get     'x-cache-hits': '1',
39 silly get     'x-timer': 'S1467562632.413512,VS0,VE17',
39 silly get     vary: 'Accept-Encoding' } ]
40 verbose get saving n to C:\Users\leogm\AppData\Roaming\npm-cache\registry.npmjs.org\n\.cache.json
41 http 200 https://registry.npmjs.org/stable
42 verbose headers { server: 'CouchDB/1.6.1 (Erlang OTP/R16B03)',
42 verbose headers   etag: '"AITLN1855CMZJB42B7GAXWJ5"',
42 verbose headers   'content-type': 'application/json',
42 verbose headers   'content-encoding': 'gzip',
42 verbose headers   'cache-control': 'max-age=300',
42 verbose headers   'content-length': '2808',
42 verbose headers   'accept-ranges': 'bytes',
42 verbose headers   date: 'Sun, 03 Jul 2016 16:17:12 GMT',
42 verbose headers   via: '1.1 varnish',
42 verbose headers   age: '0',
42 verbose headers   connection: 'keep-alive',
42 verbose headers   'x-served-by': 'cache-iad2640-IAD',
42 verbose headers   'x-cache': 'MISS',
42 verbose headers   'x-cache-hits': '0',
42 verbose headers   'x-timer': 'S1467562632.411742,VS0,VE84',
42 verbose headers   vary: 'Accept-Encoding' }
43 silly get cb [ 200,
43 silly get   { server: 'CouchDB/1.6.1 (Erlang OTP/R16B03)',
43 silly get     etag: '"AITLN1855CMZJB42B7GAXWJ5"',
43 silly get     'content-type': 'application/json',
43 silly get     'content-encoding': 'gzip',
43 silly get     'cache-control': 'max-age=300',
43 silly get     'content-length': '2808',
43 silly get     'accept-ranges': 'bytes',
43 silly get     date: 'Sun, 03 Jul 2016 16:17:12 GMT',
43 silly get     via: '1.1 varnish',
43 silly get     age: '0',
43 silly get     connection: 'keep-alive',
43 silly get     'x-served-by': 'cache-iad2640-IAD',
43 silly get     'x-cache': 'MISS',
43 silly get     'x-cache-hits': '0',
43 silly get     'x-timer': 'S1467562632.411742,VS0,VE84',
43 silly get     vary: 'Accept-Encoding' } ]
44 verbose get saving stable to C:\Users\leogm\AppData\Roaming\npm-cache\registry.npmjs.org\stable\.cache.json
45 silly addNameTag next cb for n with tag latest
46 silly addNamed n@2.1.1
47 verbose addNamed "2.1.1" is a plain semver version for n
48 silly mapToRegistry name n
49 silly mapToRegistry using default registry
50 silly mapToRegistry registry https://registry.npmjs.org/
51 silly mapToRegistry uri https://registry.npmjs.org/n
52 verbose addRemoteTarball https://registry.npmjs.org/n/-/n-2.1.1.tgz not in flight; adding
53 verbose addRemoteTarball [ 'https://registry.npmjs.org/n/-/n-2.1.1.tgz',
53 verbose addRemoteTarball   'f6d764a08f41341995014d472e3a501356f4dd4c' ]
54 info retry fetch attempt 1 at 1:17:13 PM
55 info attempt registry request try #1 at 1:17:13 PM
56 http fetch GET https://registry.npmjs.org/n/-/n-2.1.1.tgz
57 silly addNameTag next cb for stable with tag latest
58 silly addNamed stable@0.1.5
59 verbose addNamed "0.1.5" is a plain semver version for stable
60 silly mapToRegistry name stable
61 silly mapToRegistry using default registry
62 silly mapToRegistry registry https://registry.npmjs.org/
63 silly mapToRegistry uri https://registry.npmjs.org/stable
64 verbose addRemoteTarball https://registry.npmjs.org/stable/-/stable-0.1.5.tgz not in flight; adding
65 verbose addRemoteTarball [ 'https://registry.npmjs.org/stable/-/stable-0.1.5.tgz',
65 verbose addRemoteTarball   '08232f60c732e9890784b5bed0734f8b32a887b9' ]
66 info retry fetch attempt 1 at 1:17:13 PM
67 info attempt registry request try #1 at 1:17:13 PM
68 http fetch GET https://registry.npmjs.org/stable/-/stable-0.1.5.tgz
69 http fetch 200 https://registry.npmjs.org/n/-/n-2.1.1.tgz
70 http fetch 200 https://registry.npmjs.org/stable/-/stable-0.1.5.tgz
71 silly fetchAndShaCheck shasum 08232f60c732e9890784b5bed0734f8b32a887b9
72 silly fetchAndShaCheck shasum f6d764a08f41341995014d472e3a501356f4dd4c
73 verbose addTmpTarball C:\Users\leogm\AppData\Local\Temp\npm-10796-e6504047\registry.npmjs.org\stable\-\stable-0.1.5.tgz not in flight; adding
74 verbose addTmpTarball already have metadata; skipping unpack for stable@0.1.5
75 verbose addTmpTarball C:\Users\leogm\AppData\Local\Temp\npm-10796-e6504047\registry.npmjs.org\n\-\n-2.1.1.tgz not in flight; adding
76 verbose addTmpTarball already have metadata; skipping unpack for n@2.1.1
77 silly cache afterAdd stable@0.1.5
78 verbose afterAdd C:\Users\leogm\AppData\Roaming\npm-cache\stable\0.1.5\package\package.json not in flight; writing
79 silly cache afterAdd n@2.1.1
80 verbose afterAdd C:\Users\leogm\AppData\Roaming\npm-cache\n\2.1.1\package\package.json not in flight; writing
81 verbose afterAdd C:\Users\leogm\AppData\Roaming\npm-cache\stable\0.1.5\package\package.json written
82 verbose afterAdd C:\Users\leogm\AppData\Roaming\npm-cache\n\2.1.1\package\package.json written
83 silly install resolved [ { name: 'stable',
83 silly install resolved     version: '0.1.5',
83 silly install resolved     keywords: [ 'stable', 'array', 'sort' ],
83 silly install resolved     description: 'A stable array sort for JavaScript',
83 silly install resolved     repository: { type: 'git', url: 'https://github.com/Two-Screen/stable.git' },
83 silly install resolved     main: './stable.js',
83 silly install resolved     devDependencies: { tape: '2', 'uglify-js': '2' },
83 silly install resolved     scripts:
83 silly install resolved      { test: 'node ./test.js',
83 silly install resolved        minify: 'uglifyjs --comments \'/^!/\' -c -m -o ./stable.min.js ./stable.js' },
83 silly install resolved     testling: { files: './test.js', browsers: [Object] },
83 silly install resolved     author: { name: 'Angry Bytes', email: 'info@angrybytes.com' },
83 silly install resolved     contributors: [ [Object], [Object], [Object] ],
83 silly install resolved     license: 'MIT',
83 silly install resolved     bugs: { url: 'https://github.com/Two-Screen/stable/issues' },
83 silly install resolved     homepage: 'https://github.com/Two-Screen/stable',
83 silly install resolved     _id: 'stable@0.1.5',
83 silly install resolved     dist:
83 silly install resolved      { shasum: '08232f60c732e9890784b5bed0734f8b32a887b9',
83 silly install resolved        tarball: 'https://registry.npmjs.org/stable/-/stable-0.1.5.tgz' },
83 silly install resolved     _from: 'stable@latest',
83 silly install resolved     _npmVersion: '1.3.26',
83 silly install resolved     _npmUser: { name: 'stephank', email: 'stephan@kochen.nl' },
83 silly install resolved     maintainers: [ [Object] ],
83 silly install resolved     directories: {},
83 silly install resolved     _shasum: '08232f60c732e9890784b5bed0734f8b32a887b9',
83 silly install resolved     _resolved: 'https://registry.npmjs.org/stable/-/stable-0.1.5.tgz' },
83 silly install resolved   { name: 'n',
83 silly install resolved     description: 'Interactively Manage All Your Node Versions',
83 silly install resolved     version: '2.1.1',
83 silly install resolved     author: { name: 'TJ Holowaychuk', email: 'tj@vision-media.ca' },
83 silly install resolved     homepage: 'https://github.com/tj/n',
83 silly install resolved     bugs: { url: 'https://github.com/tj/n/issues' },
83 silly install resolved     contributors: [ [Object], [Object], [Object] ],
83 silly install resolved     keywords:
83 silly install resolved      [ 'nvm',
83 silly install resolved        'node',
83 silly install resolved        'version',
83 silly install resolved        'manager',
83 silly install resolved        'switcher',
83 silly install resolved        'node',
83 silly install resolved        'binary',
83 silly install resolved        'env' ],
83 silly install resolved     bin: { n: './bin/n' },
83 silly install resolved     repository: { type: 'git', url: 'git://github.com/tj/n.git' },
83 silly install resolved     preferGlobal: true,
83 silly install resolved     os: [ '!win32' ],
83 silly install resolved     engines: { node: '*' },
83 silly install resolved     license: 'MIT',
83 silly install resolved     gitHead: 'f91850a162e17e3ea0874fa54146fb383d1246bc',
83 silly install resolved     _id: 'n@2.1.1',
83 silly install resolved     scripts: {},
83 silly install resolved     _shasum: 'f6d764a08f41341995014d472e3a501356f4dd4c',
83 silly install resolved     _from: 'n@latest',
83 silly install resolved     _npmVersion: '3.8.9',
83 silly install resolved     _nodeVersion: '6.2.0',
83 silly install resolved     _npmUser: { name: 'qw3rtman', email: 'me@nimit.io' },
83 silly install resolved     dist:
83 silly install resolved      { shasum: 'f6d764a08f41341995014d472e3a501356f4dd4c',
83 silly install resolved        tarball: 'https://registry.npmjs.org/n/-/n-2.1.1.tgz' },
83 silly install resolved     maintainers: [ [Object], [Object], [Object], [Object], [Object], [Object] ],
83 silly install resolved     _npmOperationalInternal:
83 silly install resolved      { host: 'packages-16-east.internal.npmjs.com',
83 silly install resolved        tmp: 'tmp/n-2.1.1.tgz_1466036411955_0.21519096451811492' },
83 silly install resolved     directories: {},
83 silly install resolved     _resolved: 'https://registry.npmjs.org/n/-/n-2.1.1.tgz' } ]
84 info install stable@0.1.5 into C:\lmarzo\training\coursera\html5-css-js\repo\coursera-test
85 info install n@2.1.1 into C:\lmarzo\training\coursera\html5-css-js\repo\coursera-test
86 info installOne stable@0.1.5
87 verbose installOne of stable to C:\lmarzo\training\coursera\html5-css-js\repo\coursera-test not in flight; installing
88 info installOne n@2.1.1
89 verbose installOne of n to C:\lmarzo\training\coursera\html5-css-js\repo\coursera-test not in flight; installing
90 verbose lock using C:\Users\leogm\AppData\Roaming\npm-cache\_locks\stable-e2708fdb3325f3f3.lock for C:\lmarzo\training\coursera\html5-css-js\repo\coursera-test\node_modules\stable
91 silly install write writing stable 0.1.5 to C:\lmarzo\training\coursera\html5-css-js\repo\coursera-test\node_modules\stable
92 verbose lock using C:\Users\leogm\AppData\Roaming\npm-cache\_locks\n-d857daefc01c0c92.lock for C:\lmarzo\training\coursera\html5-css-js\repo\coursera-test\node_modules\n
93 verbose unlock done using C:\Users\leogm\AppData\Roaming\npm-cache\_locks\n-d857daefc01c0c92.lock for C:\lmarzo\training\coursera\html5-css-js\repo\coursera-test\node_modules\n
94 verbose unbuild node_modules\stable
95 silly gentlyRm C:\lmarzo\training\coursera\html5-css-js\repo\coursera-test\node_modules\stable is being purged from base C:\lmarzo\training\coursera\html5-css-js\repo\coursera-test
96 verbose gentlyRm don't care about contents; nuking C:\lmarzo\training\coursera\html5-css-js\repo\coursera-test\node_modules\stable
97 verbose tar unpack C:\Users\leogm\AppData\Roaming\npm-cache\stable\0.1.5\package.tgz
98 verbose tar unpacking to C:\lmarzo\training\coursera\html5-css-js\repo\coursera-test\node_modules\stable
99 silly gentlyRm C:\lmarzo\training\coursera\html5-css-js\repo\coursera-test\node_modules\stable is being purged
100 verbose gentlyRm don't care about contents; nuking C:\lmarzo\training\coursera\html5-css-js\repo\coursera-test\node_modules\stable
101 silly gunzTarPerm modes [ '777', '666' ]
102 silly gunzTarPerm extractEntry package.json
103 silly gunzTarPerm modified mode [ 'package.json', 420, 438 ]
104 silly gunzTarPerm extractEntry .npmignore
105 silly gunzTarPerm modified mode [ '.npmignore', 420, 438 ]
106 silly gunzTarPerm extractEntry README.md
107 silly gunzTarPerm modified mode [ 'README.md', 420, 438 ]
108 silly gunzTarPerm extractEntry stable.js
109 silly gunzTarPerm modified mode [ 'stable.js', 420, 438 ]
110 silly gunzTarPerm extractEntry test.js
111 silly gunzTarPerm modified mode [ 'test.js', 420, 438 ]
112 silly gunzTarPerm extractEntry .travis.yml
113 silly gunzTarPerm modified mode [ '.travis.yml', 420, 438 ]
114 silly gunzTarPerm extractEntry bower.json
115 silly gunzTarPerm modified mode [ 'bower.json', 420, 438 ]
116 verbose write writing to C:\lmarzo\training\coursera\html5-css-js\repo\coursera-test\node_modules\stable\package.json
117 info preinstall stable@0.1.5
118 verbose readDependencies loading dependencies from C:\lmarzo\training\coursera\html5-css-js\repo\coursera-test\node_modules\stable\package.json
119 verbose readDependencies loading dependencies from C:\lmarzo\training\coursera\html5-css-js\repo\coursera-test\node_modules\stable\package.json
120 silly install resolved []
121 verbose about to build C:\lmarzo\training\coursera\html5-css-js\repo\coursera-test\node_modules\stable
122 info build C:\lmarzo\training\coursera\html5-css-js\repo\coursera-test\node_modules\stable
123 info linkStuff stable@0.1.5
124 silly linkStuff stable@0.1.5 has C:\lmarzo\training\coursera\html5-css-js\repo\coursera-test\node_modules as its parent node_modules
125 verbose linkBins stable@0.1.5
126 verbose linkMans stable@0.1.5
127 verbose rebuildBundles stable@0.1.5
128 info install stable@0.1.5
129 info postinstall stable@0.1.5
130 verbose unlock done using C:\Users\leogm\AppData\Roaming\npm-cache\_locks\stable-e2708fdb3325f3f3.lock for C:\lmarzo\training\coursera\html5-css-js\repo\coursera-test\node_modules\stable
131 verbose stack Error: Unsupported
131 verbose stack     at checkPlatform (C:\Program Files\nodejs\node_modules\npm\node_modules\npm-install-checks\index.js:47:14)
131 verbose stack     at Array.<anonymous> (C:\Program Files\nodejs\node_modules\npm\node_modules\slide\lib\bind-actor.js:15:8)
131 verbose stack     at LOOP (C:\Program Files\nodejs\node_modules\npm\node_modules\slide\lib\chain.js:15:14)
131 verbose stack     at C:\Program Files\nodejs\node_modules\npm\node_modules\slide\lib\chain.js:18:7
131 verbose stack     at checkEngine (C:\Program Files\nodejs\node_modules\npm\node_modules\npm-install-checks\index.js:26:10)
131 verbose stack     at Array.<anonymous> (C:\Program Files\nodejs\node_modules\npm\node_modules\slide\lib\bind-actor.js:15:8)
131 verbose stack     at LOOP (C:\Program Files\nodejs\node_modules\npm\node_modules\slide\lib\chain.js:15:14)
131 verbose stack     at chain (C:\Program Files\nodejs\node_modules\npm\node_modules\slide\lib\chain.js:20:5)
131 verbose stack     at C:\Program Files\nodejs\node_modules\npm\lib\install.js:1038:5
131 verbose stack     at C:\Program Files\nodejs\node_modules\npm\lib\utils\locker.js:39:7
132 verbose pkgid n@2.1.1
133 verbose cwd C:\lmarzo\training\coursera\html5-css-js\repo\coursera-test
134 error Windows_NT 10.0.10586
135 error argv "C:\\Program Files\\nodejs\\node.exe" "C:\\Program Files\\nodejs\\node_modules\\npm\\bin\\npm-cli.js" "install" "n" "stable"
136 error node v4.3.2
137 error npm  v2.14.12
138 error code EBADPLATFORM
139 error notsup Unsupported
139 error notsup Not compatible with your operating system or architecture: n@2.1.1
139 error notsup Valid OS:    !win32
139 error notsup Valid Arch:  any
139 error notsup Actual OS:   win32
139 error notsup Actual Arch: x64
140 verbose exit [ 1, true ]
